jasonrla@Jasons-MacBook-Pro AppiumGitHubActions-main % mvn test
[INFO] Scanning for projects...
[INFO]
[INFO] ------------------< org.example:AppiumGitHubActions >-------------------
[INFO] Building AppiumGitHubActions 1.0-SNAPSHOT
[INFO]   from pom.xml
[INFO] --------------------------------[ jar ]---------------------------------
[INFO]
[INFO] --- resources:3.3.1:resources (default-resources) @ AppiumGitHubActions ---
[WARNING] Using platform encoding (UTF-8 actually) to copy filtered resources, i.e. build is platform dependent!
[INFO] skip non existing resourceDirectory /Users/jasonrla/Downloads/AppiumGitHubActions-main/src/main/resources
[INFO]
[INFO] --- compiler:3.8.1:compile (default-compile) @ AppiumGitHubActions ---
[INFO] Nothing to compile - all classes are up to date
[INFO]
[INFO] --- resources:3.3.1:testResources (default-testResources) @ AppiumGitHubActions ---
[WARNING] Using platform encoding (UTF-8 actually) to copy filtered resources, i.e. build is platform dependent!
[INFO] Copying 2 resources from src/test/resources to target/test-classes
[INFO]
[INFO] --- compiler:3.8.1:testCompile (default-testCompile) @ AppiumGitHubActions ---
[INFO] Nothing to compile - all classes are up to date
[INFO]
[INFO] --- surefire:3.2.2:test (default-test) @ AppiumGitHubActions ---
[INFO] Using auto detected provider org.apache.maven.surefire.testng.TestNGProvider
[INFO]
[INFO] -------------------------------------------------------
[INFO]  T E S T S
[INFO] -------------------------------------------------------
[INFO] Running TestSuite

Scenario: The user can add new task # src/test/resources/features/CreateTask.feature:2
Apr 11, 2024 12:10:28 PM io.appium.java_client.remote.AppiumCommandExecutor$1 lambda$0
INFO: Detected dialect: W3C
  Given Click Add new Task          # steps.CreateNewTask.clickAddNewTask()
      java.lang.RuntimeException: java.lang.NoSuchMethodException: jdk.proxy2.$Proxy16.proxyClassLookup()
        at io.appium.java_client.pagefactory.bys.builder.AppiumByBuilder.prepareAnnotationMethods(AppiumByBuilder.java:84)
        at io.appium.java_client.pagefactory.bys.builder.AppiumByBuilder.getFilledValue(AppiumByBuilder.java:91)
        at io.appium.java_client.pagefactory.bys.builder.AppiumByBuilder.createBy(AppiumByBuilder.java:147)
        at io.appium.java_client.pagefactory.DefaultElementByBuilder.getBys(DefaultElementByBuilder.java:133)
        at io.appium.java_client.pagefactory.DefaultElementByBuilder.buildMobileNativeBy(DefaultElementByBuilder.java:170)
        at io.appium.java_client.pagefactory.DefaultElementByBuilder.buildBy(DefaultElementByBuilder.java:204)
        at io.appium.java_client.pagefactory.AppiumElementLocatorFactory.createLocator(AppiumElementLocatorFactory.java:66)
        at io.appium.java_client.pagefactory.AppiumElementLocatorFactory.createLocator(AppiumElementLocatorFactory.java:53)
        at io.appium.java_client.pagefactory.AppiumElementLocatorFactory.createLocator(AppiumElementLocatorFactory.java:1)
        at org.openqa.selenium.support.pagefactory.DefaultFieldDecorator.decorate(DefaultFieldDecorator.java:56)
        at io.appium.java_client.pagefactory.AppiumFieldDecorator.decorate(AppiumFieldDecorator.java:154)
        at org.openqa.selenium.support.PageFactory.proxyFields(PageFactory.java:113)
        at org.openqa.selenium.support.PageFactory.initElements(PageFactory.java:105)
        at PageObjects.PageBase.<init>(PageBase.java:16)
        at PageObjects.TasksListPage.<init>(TasksListPage.java:10)
        at steps.CreateNewTask.clickAddNewTask(CreateNewTask.java:19)
        at ✽.Click Add new Task(file:///Users/jasonrla/Downloads/AppiumGitHubActions-main/src/test/resources/features/CreateTask.feature:3)
Caused by: java.lang.NoSuchMethodException: jdk.proxy2.$Proxy16.proxyClassLookup()
        at java.base/java.lang.Class.getMethod(Class.java:2395)
        at io.appium.java_client.pagefactory.bys.builder.AppiumByBuilder.prepareAnnotationMethods(AppiumByBuilder.java:82)
        at io.appium.java_client.pagefactory.bys.builder.AppiumByBuilder.getFilledValue(AppiumByBuilder.java:91)
        at io.appium.java_client.pagefactory.bys.builder.AppiumByBuilder.createBy(AppiumByBuilder.java:147)
        at io.appium.java_client.pagefactory.DefaultElementByBuilder.getBys(DefaultElementByBuilder.java:133)
        at io.appium.java_client.pagefactory.DefaultElementByBuilder.buildMobileNativeBy(DefaultElementByBuilder.java:170)
        at io.appium.java_client.pagefactory.DefaultElementByBuilder.buildBy(DefaultElementByBuilder.java:204)
        at io.appium.java_client.pagefactory.AppiumElementLocatorFactory.createLocator(AppiumElementLocatorFactory.java:66)
        at io.appium.java_client.pagefactory.AppiumElementLocatorFactory.createLocator(AppiumElementLocatorFactory.java:53)
        at io.appium.java_client.pagefactory.AppiumElementLocatorFactory.createLocator(AppiumElementLocatorFactory.java:1)
        at org.openqa.selenium.support.pagefactory.DefaultFieldDecorator.decorate(DefaultFieldDecorator.java:56)
        at io.appium.java_client.pagefactory.AppiumFieldDecorator.decorate(AppiumFieldDecorator.java:154)
        at org.openqa.selenium.support.PageFactory.proxyFields(PageFactory.java:113)
        at org.openqa.selenium.support.PageFactory.initElements(PageFactory.java:105)
        at PageObjects.PageBase.<init>(PageBase.java:16)
        at PageObjects.TasksListPage.<init>(TasksListPage.java:10)
        at steps.CreateNewTask.clickAddNewTask(CreateNewTask.java:19)
        at java.base/jdk.internal.reflect.DirectMethodHandleAccessor.invoke(DirectMethodHandleAccessor.java:103)
        at java.base/java.lang.reflect.Method.invoke(Method.java:580)
        at io.cucumber.java.Invoker.doInvoke(Invoker.java:66)
        at io.cucumber.java.Invoker.invoke(Invoker.java:24)
        at io.cucumber.java.AbstractGlueDefinition.invokeMethod(AbstractGlueDefinition.java:47)
        at io.cucumber.java.JavaStepDefinition.execute(JavaStepDefinition.java:29)
        at io.cucumber.core.runner.CoreStepDefinition.execute(CoreStepDefinition.java:66)
        at io.cucumber.core.runner.PickleStepDefinitionMatch.runStep(PickleStepDefinitionMatch.java:63)
        at io.cucumber.core.runner.ExecutionMode$1.execute(ExecutionMode.java:10)
        at io.cucumber.core.runner.TestStep.executeStep(TestStep.java:92)
        at io.cucumber.core.runner.TestStep.run(TestStep.java:64)
        at io.cucumber.core.runner.PickleStepTestStep.run(PickleStepTestStep.java:51)
        at io.cucumber.core.runner.TestCase.run(TestCase.java:104)
        at io.cucumber.core.runner.Runner.runPickle(Runner.java:73)
        at io.cucumber.testng.TestNGCucumberRunner.lambda$runScenario$0(TestNGCucumberRunner.java:117)
        at io.cucumber.core.runtime.CucumberExecutionContext.runTestCase(CucumberExecutionContext.java:117)
        at io.cucumber.testng.TestNGCucumberRunner.runScenario(TestNGCucumberRunner.java:114)
        at io.cucumber.testng.AbstractTestNGCucumberTests.runScenario(AbstractTestNGCucumberTests.java:31)
        at java.base/jdk.internal.reflect.DirectMethodHandleAccessor.invoke(DirectMethodHandleAccessor.java:103)
        at java.base/java.lang.reflect.Method.invoke(Method.java:580)
        at org.testng.internal.MethodInvocationHelper.invokeMethod(MethodInvocationHelper.java:124)
        at org.testng.internal.Invoker.invokeMethod(Invoker.java:583)
        at org.testng.internal.Invoker.invokeTestMethod(Invoker.java:719)
        at org.testng.internal.Invoker.invokeTestMethods(Invoker.java:989)
        at org.testng.internal.TestMethodWorker.invokeTestMethods(TestMethodWorker.java:125)
        at org.testng.internal.TestMethodWorker.run(TestMethodWorker.java:109)
        at org.testng.TestRunner.privateRun(TestRunner.java:648)
        at org.testng.TestRunner.run(TestRunner.java:505)
        at org.testng.SuiteRunner.runTest(SuiteRunner.java:455)
        at org.testng.SuiteRunner.runSequentially(SuiteRunner.java:450)
        at org.testng.SuiteRunner.privateRun(SuiteRunner.java:415)
        at org.testng.SuiteRunner.run(SuiteRunner.java:364)
        at org.testng.SuiteRunnerWorker.runSuite(SuiteRunnerWorker.java:52)
        at org.testng.SuiteRunnerWorker.run(SuiteRunnerWorker.java:84)
        at org.testng.TestNG.runSuitesSequentially(TestNG.java:1208)
        at org.testng.TestNG.runSuitesLocally(TestNG.java:1137)
        at org.testng.TestNG.runSuites(TestNG.java:1049)
        at org.testng.TestNG.run(TestNG.java:1017)
        at org.apache.maven.surefire.testng.TestNGExecutor.run(TestNGExecutor.java:155)
        at org.apache.maven.surefire.testng.TestNGDirectoryTestSuite.executeMulti(TestNGDirectoryTestSuite.java:169)
        at org.apache.maven.surefire.testng.TestNGDirectoryTestSuite.execute(TestNGDirectoryTestSuite.java:88)
        at org.apache.maven.surefire.testng.TestNGProvider.invoke(TestNGProvider.java:137)
        at org.apache.maven.surefire.booter.ForkedBooter.runSuitesInProcess(ForkedBooter.java:385)
        at org.apache.maven.surefire.booter.ForkedBooter.execute(ForkedBooter.java:162)
        at org.apache.maven.surefire.booter.ForkedBooter.run(ForkedBooter.java:507)
        at org.apache.maven.surefire.booter.ForkedBooter.main(ForkedBooter.java:495)

  Given Enter TaskName              # steps.CreateNewTask.enterTaskName()
  Given Enter TaskDesc              # steps.CreateNewTask.enterTaskDesc()
  When Click Save                   # steps.CreateNewTask.clickSave()
  Then Task added successfully      # steps.CreateNewTask.taskAddedSuccessfully()
┌──────────────────────────────────────────────────────────────────────────┐
│ View your Cucumber Report at:                                            │
│ https://reports.cucumber.io/reports/c776298a-65d7-4877-8501-4a69ebb78dd6 │
│                                                                          │
│ This report was published in collection "JasonTesting"                   │
└──────────────────────────────────────────────────────────────────────────┘Apr 11, 2024 12:10:30 PM io.cucumber.core.runtime.FeaturePathFeatureSupplier get
WARNING: No features found at classpath:/tests
┌──────────────────────────────────────────────────────────────────────────┐
│ View your Cucumber Report at:                                            │
│ https://reports.cucumber.io/reports/4243ab4a-ce24-4b21-b23a-d0f97c4ff6de │
│                                                                          │
│ This report was published in collection "JasonTesting"                   │
└──────────────────────────────────────────────────────────────────────────┘Apr 11, 2024 12:10:32 PM io.cucumber.core.runtime.FeaturePathFeatureSupplier get
WARNING: No features found at classpath:/tests
┌──────────────────────────────────────────────────────────────────────────┐
│ View your Cucumber Report at:                                            │
│ https://reports.cucumber.io/reports/1d5a609e-e268-42da-bedd-b467273054b0 │
│                                                                          │
│ This report was published in collection "JasonTesting"                   │
└──────────────────────────────────────────────────────────────────────────┘[ERROR] Tests run: 3, Failures: 3, Errors: 0, Skipped: 0, Time elapsed: 9.235 s <<< FAILURE! -- in TestSuite
[ERROR] runner.TestRunner.runScenario["The user can add new task", "Optional[Create New Task]"](1) -- Time elapsed: 3.446 s <<< FAILURE!
java.lang.RuntimeException: java.lang.NoSuchMethodException: jdk.proxy2.$Proxy16.proxyClassLookup()
        at io.appium.java_client.pagefactory.bys.builder.AppiumByBuilder.prepareAnnotationMethods(AppiumByBuilder.java:84)
        at io.appium.java_client.pagefactory.bys.builder.AppiumByBuilder.getFilledValue(AppiumByBuilder.java:91)
        at io.appium.java_client.pagefactory.bys.builder.AppiumByBuilder.createBy(AppiumByBuilder.java:147)
        at io.appium.java_client.pagefactory.DefaultElementByBuilder.getBys(DefaultElementByBuilder.java:133)
        at io.appium.java_client.pagefactory.DefaultElementByBuilder.buildMobileNativeBy(DefaultElementByBuilder.java:170)
        at io.appium.java_client.pagefactory.DefaultElementByBuilder.buildBy(DefaultElementByBuilder.java:204)
        at io.appium.java_client.pagefactory.AppiumElementLocatorFactory.createLocator(AppiumElementLocatorFactory.java:66)
        at io.appium.java_client.pagefactory.AppiumElementLocatorFactory.createLocator(AppiumElementLocatorFactory.java:53)
        at io.appium.java_client.pagefactory.AppiumElementLocatorFactory.createLocator(AppiumElementLocatorFactory.java:1)
        at org.openqa.selenium.support.pagefactory.DefaultFieldDecorator.decorate(DefaultFieldDecorator.java:56)
        at io.appium.java_client.pagefactory.AppiumFieldDecorator.decorate(AppiumFieldDecorator.java:154)
        at org.openqa.selenium.support.PageFactory.proxyFields(PageFactory.java:113)
        at org.openqa.selenium.support.PageFactory.initElements(PageFactory.java:105)
        at PageObjects.PageBase.<init>(PageBase.java:16)
        at PageObjects.TasksListPage.<init>(TasksListPage.java:10)
        at steps.CreateNewTask.clickAddNewTask(CreateNewTask.java:19)
        at ✽.Click Add new Task(file:///Users/jasonrla/Downloads/AppiumGitHubActions-main/src/test/resources/features/CreateTask.feature:3)
Caused by: java.lang.NoSuchMethodException: jdk.proxy2.$Proxy16.proxyClassLookup()
        at java.base/java.lang.Class.getMethod(Class.java:2395)
        at io.appium.java_client.pagefactory.bys.builder.AppiumByBuilder.prepareAnnotationMethods(AppiumByBuilder.java:82)
        at io.appium.java_client.pagefactory.bys.builder.AppiumByBuilder.getFilledValue(AppiumByBuilder.java:91)
        at io.appium.java_client.pagefactory.bys.builder.AppiumByBuilder.createBy(AppiumByBuilder.java:147)
        at io.appium.java_client.pagefactory.DefaultElementByBuilder.getBys(DefaultElementByBuilder.java:133)
        at io.appium.java_client.pagefactory.DefaultElementByBuilder.buildMobileNativeBy(DefaultElementByBuilder.java:170)
        at io.appium.java_client.pagefactory.DefaultElementByBuilder.buildBy(DefaultElementByBuilder.java:204)
        at io.appium.java_client.pagefactory.AppiumElementLocatorFactory.createLocator(AppiumElementLocatorFactory.java:66)
        at io.appium.java_client.pagefactory.AppiumElementLocatorFactory.createLocator(AppiumElementLocatorFactory.java:53)
        at io.appium.java_client.pagefactory.AppiumElementLocatorFactory.createLocator(AppiumElementLocatorFactory.java:1)
        at org.openqa.selenium.support.pagefactory.DefaultFieldDecorator.decorate(DefaultFieldDecorator.java:56)
        at io.appium.java_client.pagefactory.AppiumFieldDecorator.decorate(AppiumFieldDecorator.java:154)
        at org.openqa.selenium.support.PageFactory.proxyFields(PageFactory.java:113)
        at org.openqa.selenium.support.PageFactory.initElements(PageFactory.java:105)
        at PageObjects.PageBase.<init>(PageBase.java:16)
        at PageObjects.TasksListPage.<init>(TasksListPage.java:10)
        at steps.CreateNewTask.clickAddNewTask(CreateNewTask.java:19)
        at java.base/jdk.internal.reflect.DirectMethodHandleAccessor.invoke(DirectMethodHandleAccessor.java:103)
        at java.base/java.lang.reflect.Method.invoke(Method.java:580)
        at io.cucumber.java.Invoker.doInvoke(Invoker.java:66)
        at io.cucumber.java.Invoker.invoke(Invoker.java:24)
        at io.cucumber.java.AbstractGlueDefinition.invokeMethod(AbstractGlueDefinition.java:47)
        at io.cucumber.java.JavaStepDefinition.execute(JavaStepDefinition.java:29)
        at io.cucumber.core.runner.CoreStepDefinition.execute(CoreStepDefinition.java:66)
        at io.cucumber.core.runner.PickleStepDefinitionMatch.runStep(PickleStepDefinitionMatch.java:63)
        at io.cucumber.core.runner.ExecutionMode$1.execute(ExecutionMode.java:10)
        at io.cucumber.core.runner.TestStep.executeStep(TestStep.java:92)
        at io.cucumber.core.runner.TestStep.run(TestStep.java:64)
        at io.cucumber.core.runner.PickleStepTestStep.run(PickleStepTestStep.java:51)
        at io.cucumber.core.runner.TestCase.run(TestCase.java:104)
        at io.cucumber.core.runner.Runner.runPickle(Runner.java:73)
        at io.cucumber.testng.TestNGCucumberRunner.lambda$runScenario$0(TestNGCucumberRunner.java:117)
        at io.cucumber.core.runtime.CucumberExecutionContext.runTestCase(CucumberExecutionContext.java:117)
        at io.cucumber.testng.TestNGCucumberRunner.runScenario(TestNGCucumberRunner.java:114)
        at io.cucumber.testng.AbstractTestNGCucumberTests.runScenario(AbstractTestNGCucumberTests.java:31)
        at java.base/jdk.internal.reflect.DirectMethodHandleAccessor.invoke(DirectMethodHandleAccessor.java:103)
        at java.base/java.lang.reflect.Method.invoke(Method.java:580)
        at org.testng.internal.MethodInvocationHelper.invokeMethod(MethodInvocationHelper.java:124)
        at org.testng.internal.Invoker.invokeMethod(Invoker.java:583)
        at org.testng.internal.Invoker.invokeTestMethod(Invoker.java:719)
        at org.testng.internal.Invoker.invokeTestMethods(Invoker.java:989)
        at org.testng.internal.TestMethodWorker.invokeTestMethods(TestMethodWorker.java:125)
        at org.testng.internal.TestMethodWorker.run(TestMethodWorker.java:109)
        at org.testng.TestRunner.privateRun(TestRunner.java:648)
        at org.testng.TestRunner.run(TestRunner.java:505)
        at org.testng.SuiteRunner.runTest(SuiteRunner.java:455)
        at org.testng.SuiteRunner.runSequentially(SuiteRunner.java:450)
        at org.testng.SuiteRunner.privateRun(SuiteRunner.java:415)
        at org.testng.SuiteRunner.run(SuiteRunner.java:364)
        at org.testng.SuiteRunnerWorker.runSuite(SuiteRunnerWorker.java:52)
        at org.testng.SuiteRunnerWorker.run(SuiteRunnerWorker.java:84)
        at org.testng.TestNG.runSuitesSequentially(TestNG.java:1208)
        at org.testng.TestNG.runSuitesLocally(TestNG.java:1137)
        at org.testng.TestNG.runSuites(TestNG.java:1049)
        at org.testng.TestNG.run(TestNG.java:1017)
        at org.apache.maven.surefire.testng.TestNGExecutor.run(TestNGExecutor.java:155)
        at org.apache.maven.surefire.testng.TestNGDirectoryTestSuite.executeMulti(TestNGDirectoryTestSuite.java:169)
        at org.apache.maven.surefire.testng.TestNGDirectoryTestSuite.execute(TestNGDirectoryTestSuite.java:88)
        at org.apache.maven.surefire.testng.TestNGProvider.invoke(TestNGProvider.java:137)
        at org.apache.maven.surefire.booter.ForkedBooter.runSuitesInProcess(ForkedBooter.java:385)
        at org.apache.maven.surefire.booter.ForkedBooter.execute(ForkedBooter.java:162)
        at org.apache.maven.surefire.booter.ForkedBooter.run(ForkedBooter.java:507)
        at org.apache.maven.surefire.booter.ForkedBooter.main(ForkedBooter.java:495)

[ERROR] tests.iOS_Todo_Test.test_add_task[Finish Appium Course, Need to finish my course ASAP](1) -- Time elapsed: 0.019 s <<< FAILURE!
org.openqa.selenium.SessionNotCreatedException:
Unable to create a new remote session. Please check the server log for more details. Original error: The requested resource could not be found, or a request was received using an HTTP method that is not supported by the mapped resource (WARNING: The server did not provide any stacktrace information)
Command duration or timeout: 4 milliseconds
Build info: version: '3.141.59', revision: 'e82be7d358', time: '2018-11-14T08:17:03'
System info: host: 'Jasons-MacBook-Pro.local', ip: 'fe80:0:0:0:c11:7616:e437:7ea5%en0', os.name: 'Mac OS X', os.arch: 'aarch64', os.version: '14.4', java.version: '21.0.2'
Driver info: driver.version: IOSDriver
Build info: version: '3.141.59', revision: 'e82be7d358', time: '2018-11-14T08:17:03'
System info: host: 'Jasons-MacBook-Pro.local', ip: 'fe80:0:0:0:c11:7616:e437:7ea5%en0', os.name: 'Mac OS X', os.arch: 'aarch64', os.version: '14.4', java.version: '21.0.2'
Driver info: driver.version: IOSDriver
        at io.appium.java_client.remote.AppiumCommandExecutor$1.createSession(AppiumCommandExecutor.java:216)
        at io.appium.java_client.remote.AppiumCommandExecutor.createSession(AppiumCommandExecutor.java:225)
        at io.appium.java_client.remote.AppiumCommandExecutor.execute(AppiumCommandExecutor.java:247)
        at org.openqa.selenium.remote.RemoteWebDriver.execute(RemoteWebDriver.java:552)
        at io.appium.java_client.DefaultGenericMobileDriver.execute(DefaultGenericMobileDriver.java:41)
        at io.appium.java_client.AppiumDriver.execute(AppiumDriver.java:1)
        at io.appium.java_client.ios.IOSDriver.execute(IOSDriver.java:1)
        at org.openqa.selenium.remote.RemoteWebDriver.startSession(RemoteWebDriver.java:213)
        at io.appium.java_client.AppiumDriver.startSession(AppiumDriver.java:338)
        at org.openqa.selenium.remote.RemoteWebDriver.<init>(RemoteWebDriver.java:131)
        at io.appium.java_client.DefaultGenericMobileDriver.<init>(DefaultGenericMobileDriver.java:37)
        at io.appium.java_client.AppiumDriver.<init>(AppiumDriver.java:89)
        at io.appium.java_client.AppiumDriver.<init>(AppiumDriver.java:99)
        at io.appium.java_client.ios.IOSDriver.<init>(IOSDriver.java:90)
        at tests.TestBase.iOS_setUp(TestBase.java:35)
        at tests.iOS_Todo_Test.test_add_task(iOS_Todo_Test.java:26)
        at java.base/jdk.internal.reflect.DirectMethodHandleAccessor.invoke(DirectMethodHandleAccessor.java:103)
        at java.base/java.lang.reflect.Method.invoke(Method.java:580)
        at org.testng.internal.MethodInvocationHelper.invokeMethod(MethodInvocationHelper.java:124)
        at org.testng.internal.Invoker.invokeMethod(Invoker.java:583)
        at org.testng.internal.Invoker.invokeTestMethod(Invoker.java:719)
        at org.testng.internal.Invoker.invokeTestMethods(Invoker.java:989)
        at org.testng.internal.TestMethodWorker.invokeTestMethods(TestMethodWorker.java:125)
        at org.testng.internal.TestMethodWorker.run(TestMethodWorker.java:109)
        at org.testng.TestRunner.privateRun(TestRunner.java:648)
        at org.testng.TestRunner.run(TestRunner.java:505)
        at org.testng.SuiteRunner.runTest(SuiteRunner.java:455)
        at org.testng.SuiteRunner.runSequentially(SuiteRunner.java:450)
        at org.testng.SuiteRunner.privateRun(SuiteRunner.java:415)
        at org.testng.SuiteRunner.run(SuiteRunner.java:364)
        at org.testng.SuiteRunnerWorker.runSuite(SuiteRunnerWorker.java:52)
        at org.testng.SuiteRunnerWorker.run(SuiteRunnerWorker.java:84)
        at org.testng.TestNG.runSuitesSequentially(TestNG.java:1208)
        at org.testng.TestNG.runSuitesLocally(TestNG.java:1137)
        at org.testng.TestNG.runSuites(TestNG.java:1049)
        at org.testng.TestNG.run(TestNG.java:1017)
        at org.apache.maven.surefire.testng.TestNGExecutor.run(TestNGExecutor.java:155)
        at org.apache.maven.surefire.testng.TestNGDirectoryTestSuite.executeMulti(TestNGDirectoryTestSuite.java:169)
        at org.apache.maven.surefire.testng.TestNGDirectoryTestSuite.execute(TestNGDirectoryTestSuite.java:88)
        at org.apache.maven.surefire.testng.TestNGProvider.invoke(TestNGProvider.java:137)
        at org.apache.maven.surefire.booter.ForkedBooter.runSuitesInProcess(ForkedBooter.java:385)
        at org.apache.maven.surefire.booter.ForkedBooter.execute(ForkedBooter.java:162)
        at org.apache.maven.surefire.booter.ForkedBooter.run(ForkedBooter.java:507)
        at org.apache.maven.surefire.booter.ForkedBooter.main(ForkedBooter.java:495)
Caused by: java.lang.reflect.InvocationTargetException
        at java.base/jdk.internal.reflect.DirectMethodHandleAccessor.invoke(DirectMethodHandleAccessor.java:118)
        at java.base/java.lang.reflect.Method.invoke(Method.java:580)
        at io.appium.java_client.remote.AppiumCommandExecutor$1.createSession(AppiumCommandExecutor.java:193)
        ... 43 more
Caused by: org.openqa.selenium.UnsupportedCommandException: The requested resource could not be found, or a request was received using an HTTP method that is not supported by the mapped resource (WARNING: The server did not provide any stacktrace information)
Command duration or timeout: 4 milliseconds
Build info: version: '3.141.59', revision: 'e82be7d358', time: '2018-11-14T08:17:03'
System info: host: 'Jasons-MacBook-Pro.local', ip: 'fe80:0:0:0:c11:7616:e437:7ea5%en0', os.name: 'Mac OS X', os.arch: 'aarch64', os.version: '14.4', java.version: '21.0.2'
Driver info: driver.version: IOSDriver
        at java.base/jdk.internal.reflect.DirectConstructorHandleAccessor.newInstance(DirectConstructorHandleAccessor.java:62)
        at java.base/java.lang.reflect.Constructor.newInstanceWithCaller(Constructor.java:502)
        at java.base/java.lang.reflect.Constructor.newInstance(Constructor.java:486)
        at org.openqa.selenium.remote.ErrorHandler.createThrowable(ErrorHandler.java:214)
        at org.openqa.selenium.remote.ErrorHandler.throwIfResponseFailed(ErrorHandler.java:166)
        at org.openqa.selenium.remote.JsonWireProtocolResponse.lambda$errorHandler$0(JsonWireProtocolResponse.java:54)
        at org.openqa.selenium.remote.HandshakeResponse.lambda$getResponseFunction$0(HandshakeResponse.java:30)
        at org.openqa.selenium.remote.ProtocolHandshake.lambda$createSession$0(ProtocolHandshake.java:126)
        at java.base/java.util.stream.ReferencePipeline$3$1.accept(ReferencePipeline.java:197)
        at java.base/java.util.Spliterators$ArraySpliterator.tryAdvance(Spliterators.java:1034)
        at java.base/java.util.stream.ReferencePipeline.forEachWithCancel(ReferencePipeline.java:129)
        at java.base/java.util.stream.AbstractPipeline.copyIntoWithCancel(AbstractPipeline.java:527)
        at java.base/java.util.stream.AbstractPipeline.copyInto(AbstractPipeline.java:513)
        at java.base/java.util.stream.AbstractPipeline.wrapAndCopyInto(AbstractPipeline.java:499)
        at java.base/java.util.stream.FindOps$FindOp.evaluateSequential(FindOps.java:150)
        at java.base/java.util.stream.AbstractPipeline.evaluate(AbstractPipeline.java:234)
        at java.base/java.util.stream.ReferencePipeline.findFirst(ReferencePipeline.java:647)
        at org.openqa.selenium.remote.ProtocolHandshake.createSession(ProtocolHandshake.java:128)
        at java.base/jdk.internal.reflect.DirectMethodHandleAccessor.invoke(DirectMethodHandleAccessor.java:103)
        ... 45 more

[ERROR] tests.iOS_Todo_Test.test_add_task[Start Learning Espresso, Need check the new course](2) -- Time elapsed: 0.010 s <<< FAILURE!
org.openqa.selenium.SessionNotCreatedException:
Unable to create a new remote session. Please check the server log for more details. Original error: The requested resource could not be found, or a request was received using an HTTP method that is not supported by the mapped resource (WARNING: The server did not provide any stacktrace information)
Command duration or timeout: 6 milliseconds
Build info: version: '3.141.59', revision: 'e82be7d358', time: '2018-11-14T08:17:03'
System info: host: 'Jasons-MacBook-Pro.local', ip: 'fe80:0:0:0:c11:7616:e437:7ea5%en0', os.name: 'Mac OS X', os.arch: 'aarch64', os.version: '14.4', java.version: '21.0.2'
Driver info: driver.version: IOSDriver
Build info: version: '3.141.59', revision: 'e82be7d358', time: '2018-11-14T08:17:03'
System info: host: 'Jasons-MacBook-Pro.local', ip: 'fe80:0:0:0:c11:7616:e437:7ea5%en0', os.name: 'Mac OS X', os.arch: 'aarch64', os.version: '14.4', java.version: '21.0.2'
Driver info: driver.version: IOSDriver
        at io.appium.java_client.remote.AppiumCommandExecutor$1.createSession(AppiumCommandExecutor.java:216)
        at io.appium.java_client.remote.AppiumCommandExecutor.createSession(AppiumCommandExecutor.java:225)
        at io.appium.java_client.remote.AppiumCommandExecutor.execute(AppiumCommandExecutor.java:247)
        at org.openqa.selenium.remote.RemoteWebDriver.execute(RemoteWebDriver.java:552)
        at io.appium.java_client.DefaultGenericMobileDriver.execute(DefaultGenericMobileDriver.java:41)
        at io.appium.java_client.AppiumDriver.execute(AppiumDriver.java:1)
        at io.appium.java_client.ios.IOSDriver.execute(IOSDriver.java:1)
        at org.openqa.selenium.remote.RemoteWebDriver.startSession(RemoteWebDriver.java:213)
        at io.appium.java_client.AppiumDriver.startSession(AppiumDriver.java:338)
        at org.openqa.selenium.remote.RemoteWebDriver.<init>(RemoteWebDriver.java:131)
        at io.appium.java_client.DefaultGenericMobileDriver.<init>(DefaultGenericMobileDriver.java:37)
        at io.appium.java_client.AppiumDriver.<init>(AppiumDriver.java:89)
        at io.appium.java_client.AppiumDriver.<init>(AppiumDriver.java:99)
        at io.appium.java_client.ios.IOSDriver.<init>(IOSDriver.java:90)
        at tests.TestBase.iOS_setUp(TestBase.java:35)
        at tests.iOS_Todo_Test.test_add_task(iOS_Todo_Test.java:26)
        at java.base/jdk.internal.reflect.DirectMethodHandleAccessor.invoke(DirectMethodHandleAccessor.java:103)
        at java.base/java.lang.reflect.Method.invoke(Method.java:580)
        at org.testng.internal.MethodInvocationHelper.invokeMethod(MethodInvocationHelper.java:124)
        at org.testng.internal.Invoker.invokeMethod(Invoker.java:583)
        at org.testng.internal.Invoker.invokeTestMethod(Invoker.java:719)
        at org.testng.internal.Invoker.invokeTestMethods(Invoker.java:989)
        at org.testng.internal.TestMethodWorker.invokeTestMethods(TestMethodWorker.java:125)
        at org.testng.internal.TestMethodWorker.run(TestMethodWorker.java:109)
        at org.testng.TestRunner.privateRun(TestRunner.java:648)
        at org.testng.TestRunner.run(TestRunner.java:505)
        at org.testng.SuiteRunner.runTest(SuiteRunner.java:455)
        at org.testng.SuiteRunner.runSequentially(SuiteRunner.java:450)
        at org.testng.SuiteRunner.privateRun(SuiteRunner.java:415)
        at org.testng.SuiteRunner.run(SuiteRunner.java:364)
        at org.testng.SuiteRunnerWorker.runSuite(SuiteRunnerWorker.java:52)
        at org.testng.SuiteRunnerWorker.run(SuiteRunnerWorker.java:84)
        at org.testng.TestNG.runSuitesSequentially(TestNG.java:1208)
        at org.testng.TestNG.runSuitesLocally(TestNG.java:1137)
        at org.testng.TestNG.runSuites(TestNG.java:1049)
        at org.testng.TestNG.run(TestNG.java:1017)
        at org.apache.maven.surefire.testng.TestNGExecutor.run(TestNGExecutor.java:155)
        at org.apache.maven.surefire.testng.TestNGDirectoryTestSuite.executeMulti(TestNGDirectoryTestSuite.java:169)
        at org.apache.maven.surefire.testng.TestNGDirectoryTestSuite.execute(TestNGDirectoryTestSuite.java:88)
        at org.apache.maven.surefire.testng.TestNGProvider.invoke(TestNGProvider.java:137)
        at org.apache.maven.surefire.booter.ForkedBooter.runSuitesInProcess(ForkedBooter.java:385)
        at org.apache.maven.surefire.booter.ForkedBooter.execute(ForkedBooter.java:162)
        at org.apache.maven.surefire.booter.ForkedBooter.run(ForkedBooter.java:507)
        at org.apache.maven.surefire.booter.ForkedBooter.main(ForkedBooter.java:495)
Caused by: java.lang.reflect.InvocationTargetException
        at java.base/jdk.internal.reflect.DirectMethodHandleAccessor.invoke(DirectMethodHandleAccessor.java:118)
        at java.base/java.lang.reflect.Method.invoke(Method.java:580)
        at io.appium.java_client.remote.AppiumCommandExecutor$1.createSession(AppiumCommandExecutor.java:193)
        ... 43 more
Caused by: org.openqa.selenium.UnsupportedCommandException: The requested resource could not be found, or a request was received using an HTTP method that is not supported by the mapped resource (WARNING: The server did not provide any stacktrace information)
Command duration or timeout: 6 milliseconds
Build info: version: '3.141.59', revision: 'e82be7d358', time: '2018-11-14T08:17:03'
System info: host: 'Jasons-MacBook-Pro.local', ip: 'fe80:0:0:0:c11:7616:e437:7ea5%en0', os.name: 'Mac OS X', os.arch: 'aarch64', os.version: '14.4', java.version: '21.0.2'
Driver info: driver.version: IOSDriver
        at java.base/jdk.internal.reflect.DirectConstructorHandleAccessor.newInstance(DirectConstructorHandleAccessor.java:62)
        at java.base/java.lang.reflect.Constructor.newInstanceWithCaller(Constructor.java:502)
        at java.base/java.lang.reflect.Constructor.newInstance(Constructor.java:486)
        at org.openqa.selenium.remote.ErrorHandler.createThrowable(ErrorHandler.java:214)
        at org.openqa.selenium.remote.ErrorHandler.throwIfResponseFailed(ErrorHandler.java:166)
        at org.openqa.selenium.remote.JsonWireProtocolResponse.lambda$errorHandler$0(JsonWireProtocolResponse.java:54)
        at org.openqa.selenium.remote.HandshakeResponse.lambda$getResponseFunction$0(HandshakeResponse.java:30)
        at org.openqa.selenium.remote.ProtocolHandshake.lambda$createSession$0(ProtocolHandshake.java:126)
        at java.base/java.util.stream.ReferencePipeline$3$1.accept(ReferencePipeline.java:197)
        at java.base/java.util.Spliterators$ArraySpliterator.tryAdvance(Spliterators.java:1034)
        at java.base/java.util.stream.ReferencePipeline.forEachWithCancel(ReferencePipeline.java:129)
        at java.base/java.util.stream.AbstractPipeline.copyIntoWithCancel(AbstractPipeline.java:527)
        at java.base/java.util.stream.AbstractPipeline.copyInto(AbstractPipeline.java:513)
        at java.base/java.util.stream.AbstractPipeline.wrapAndCopyInto(AbstractPipeline.java:499)
        at java.base/java.util.stream.FindOps$FindOp.evaluateSequential(FindOps.java:150)
        at java.base/java.util.stream.AbstractPipeline.evaluate(AbstractPipeline.java:234)
        at java.base/java.util.stream.ReferencePipeline.findFirst(ReferencePipeline.java:647)
        at org.openqa.selenium.remote.ProtocolHandshake.createSession(ProtocolHandshake.java:128)
        at java.base/jdk.internal.reflect.DirectMethodHandleAccessor.invoke(DirectMethodHandleAccessor.java:103)
        ... 45 more

[INFO]
[INFO] Results:
[INFO]
[ERROR] Failures:
[ERROR]   TestRunner.runScenario » Runtime java.lang.NoSuchMethodException: jdk.proxy2.$Proxy16.proxyClassLookup()
[ERROR]   iOS_Todo_Test.test_add_task:26->TestBase.iOS_setUp:35 » SessionNotCreated Unable to create a new remote session. Please check the server log for more details. Original error: The requested resource could not be found, or a request was received using an HTTP method that is not supported by the mapped resource (WARNING: The server did not provide any stacktrace information)
Command duration or timeout: 4 milliseconds
Build info: version: '3.141.59', revision: 'e82be7d358', time: '2018-11-14T08:17:03'
System info: host: 'Jasons-MacBook-Pro.local', ip: 'fe80:0:0:0:c11:7616:e437:7ea5%en0', os.name: 'Mac OS X', os.arch: 'aarch64', os.version: '14.4', java.version: '21.0.2'
Driver info: driver.version: IOSDriver
Build info: version: '3.141.59', revision: 'e82be7d358', time: '2018-11-14T08:17:03'
System info: host: 'Jasons-MacBook-Pro.local', ip: 'fe80:0:0:0:c11:7616:e437:7ea5%en0', os.name: 'Mac OS X', os.arch: 'aarch64', os.version: '14.4', java.version: '21.0.2'
Driver info: driver.version: IOSDriver
[ERROR]   iOS_Todo_Test.test_add_task:26->TestBase.iOS_setUp:35 » SessionNotCreated Unable to create a new remote session. Please check the server log for more details. Original error: The requested resource could not be found, or a request was received using an HTTP method that is not supported by the mapped resource (WARNING: The server did not provide any stacktrace information)
Command duration or timeout: 6 milliseconds
Build info: version: '3.141.59', revision: 'e82be7d358', time: '2018-11-14T08:17:03'
System info: host: 'Jasons-MacBook-Pro.local', ip: 'fe80:0:0:0:c11:7616:e437:7ea5%en0', os.name: 'Mac OS X', os.arch: 'aarch64', os.version: '14.4', java.version: '21.0.2'
Driver info: driver.version: IOSDriver
Build info: version: '3.141.59', revision: 'e82be7d358', time: '2018-11-14T08:17:03'
System info: host: 'Jasons-MacBook-Pro.local', ip: 'fe80:0:0:0:c11:7616:e437:7ea5%en0', os.name: 'Mac OS X', os.arch: 'aarch64', os.version: '14.4', java.version: '21.0.2'
Driver info: driver.version: IOSDriver
[INFO]
[ERROR] Tests run: 3, Failures: 3, Errors: 0, Skipped: 0
[INFO]
[INFO] ------------------------------------------------------------------------
[INFO] BUILD FAILURE
[INFO] ------------------------------------------------------------------------
[INFO] Total time:  10.085 s
[INFO] Finished at: 2024-04-11T12:10:33-05:00
[INFO] ------------------------------------------------------------------------
[ERROR] Failed to execute goal org.apache.maven.plugins:maven-surefire-plugin:3.2.2:test (default-test) on project AppiumGitHubActions: There are test failures.
[ERROR]
[ERROR] Please refer to /Users/jasonrla/Downloads/AppiumGitHubActions-main/target/surefire-reports for the individual test results.
[ERROR] Please refer to dump files (if any exist) [date].dump, [date]-jvmRun[N].dump and [date].dumpstream.
[ERROR] -> [Help 1]
[ERROR]
[ERROR] To see the full stack trace of the errors, re-run Maven with the -e switch.
[ERROR] Re-run Maven using the -X switch to enable full debug logging.
[ERROR]
[ERROR] For more information about the errors and possible solutions, please read the following articles:
[ERROR] [Help 1] http://cwiki.apache.org/confluence/display/MAVEN/MojoFailureException
jasonrla@Jasons-MacBook-Pro AppiumGitHubActions-main %

